0 info it worked if it ends with ok
1 verbose cli [ 'node', '/usr/local/bin/npm', 'install' ]
2 info using npm@2.7.1
3 info using node@v0.12.0
4 verbose node symlink /usr/local/bin/node
5 warn package.json spamjs.org@0.1.0 No repository field.
6 warn package.json Dependency 'clean-css' exists in both dependencies and devDependencies, using 'clean-css@^3.4.4' from dependencies
7 verbose install where, deps [ '/Users/lalittanwar/Project/api.spamjs.org',
7 verbose install   [ 'bower',
7 verbose install     'clean-css',
7 verbose install     'connect-livereload',
7 verbose install     'dummy-json',
7 verbose install     'grunt',
7 verbose install     'grunt-bootloader',
7 verbose install     'grunt-contrib-compass',
7 verbose install     'grunt-contrib-connect',
7 verbose install     'grunt-contrib-cssmin',
7 verbose install     'grunt-contrib-jshint',
7 verbose install     'grunt-contrib-nodeunit',
7 verbose install     'grunt-contrib-uglify',
7 verbose install     'grunt-contrib-watch',
7 verbose install     'grunt-jsbeautifier',
7 verbose install     'grunt-webfont',
7 verbose install     'underscore' ] ]
8 verbose install where, peers [ '/Users/lalittanwar/Project/api.spamjs.org', [] ]
9 info preinstall spamjs.org@0.1.0
10 warn package.json grunt-bootloader@0.1.7 bugs.url field must be a string url. Deleted.
11 warn package.json grunt-bootloader@0.1.7 Normalized value of bugs field is an empty object. Deleted.
12 verbose already installed skipping grunt-contrib-watch@^0.6.1 /Users/lalittanwar/Project/api.spamjs.org
13 verbose already installed skipping grunt-jsbeautifier@0.2.7 /Users/lalittanwar/Project/api.spamjs.org
14 verbose already installed skipping grunt-webfont@^0.5.4 /Users/lalittanwar/Project/api.spamjs.org
15 verbose already installed skipping underscore@1.6.0 /Users/lalittanwar/Project/api.spamjs.org
16 verbose already installed skipping bower@^1.4.0 /Users/lalittanwar/Project/api.spamjs.org
17 verbose already installed skipping clean-css@^3.4.4 /Users/lalittanwar/Project/api.spamjs.org
18 verbose already installed skipping connect-livereload@^0.5.3 /Users/lalittanwar/Project/api.spamjs.org
19 verbose already installed skipping dummy-json@0.0.2 /Users/lalittanwar/Project/api.spamjs.org
20 verbose already installed skipping grunt@~0.4.5 /Users/lalittanwar/Project/api.spamjs.org
21 verbose already installed skipping grunt-bootloader@latest /Users/lalittanwar/Project/api.spamjs.org
22 verbose already installed skipping grunt-contrib-compass@0.7.0 /Users/lalittanwar/Project/api.spamjs.org
23 verbose already installed skipping grunt-contrib-connect@0.3.0 /Users/lalittanwar/Project/api.spamjs.org
24 verbose already installed skipping grunt-contrib-cssmin@^0.6.2 /Users/lalittanwar/Project/api.spamjs.org
25 verbose already installed skipping grunt-contrib-jshint@~0.10.0 /Users/lalittanwar/Project/api.spamjs.org
26 verbose already installed skipping grunt-contrib-nodeunit@~0.4.1 /Users/lalittanwar/Project/api.spamjs.org
27 verbose already installed skipping grunt-contrib-uglify@~0.5.0 /Users/lalittanwar/Project/api.spamjs.org
28 silly install resolved []
29 info build /Users/lalittanwar/Project/api.spamjs.org
30 verbose linkStuff [ false, false, false, '/Users/lalittanwar/Project' ]
31 info linkStuff spamjs.org@0.1.0
32 verbose linkBins spamjs.org@0.1.0
33 verbose linkMans spamjs.org@0.1.0
34 verbose rebuildBundles spamjs.org@0.1.0
35 verbose rebuildBundles [ '.bin',
35 verbose rebuildBundles   'bower',
35 verbose rebuildBundles   'clean-css',
35 verbose rebuildBundles   'connect-livereload',
35 verbose rebuildBundles   'dummy-json',
35 verbose rebuildBundles   'grunt',
35 verbose rebuildBundles   'grunt-bootloader',
35 verbose rebuildBundles   'grunt-contrib-compass',
35 verbose rebuildBundles   'grunt-contrib-connect',
35 verbose rebuildBundles   'grunt-contrib-cssmin',
35 verbose rebuildBundles   'grunt-contrib-jshint',
35 verbose rebuildBundles   'grunt-contrib-nodeunit',
35 verbose rebuildBundles   'grunt-contrib-uglify',
35 verbose rebuildBundles   'grunt-contrib-watch',
35 verbose rebuildBundles   'grunt-jsbeautifier',
35 verbose rebuildBundles   'grunt-webfont',
35 verbose rebuildBundles   'smartcomments',
35 verbose rebuildBundles   'underscore' ]
36 verbose rebuild bundle /Users/lalittanwar/Project/api.spamjs.org/node_modules/smartcomments
37 info build /Users/lalittanwar/Project/api.spamjs.org/node_modules/smartcomments
38 info preinstall smartcomments@0.3.2
39 verbose linkStuff [ false,
39 verbose linkStuff   false,
39 verbose linkStuff   false,
39 verbose linkStuff   '/Users/lalittanwar/Project/api.spamjs.org/node_modules' ]
40 info linkStuff smartcomments@0.3.2
41 warn prefer global smartcomments@0.3.2 should be installed with -g
42 verbose linkBins smartcomments@0.3.2
43 verbose link bins [ { smartcomments: './bin/smartcomments' },
43 verbose link bins   '/Users/lalittanwar/Project/api.spamjs.org/node_modules/.bin',
43 verbose link bins   false ]
44 verbose linkMans smartcomments@0.3.2
45 verbose rebuildBundles smartcomments@0.3.2
46 verbose rebuildBundles [ '.bin', 'esprima', 'eswalker', 'fs-extra' ]
47 verbose gentlyRm vacuuming /Users/lalittanwar/Project/api.spamjs.org/node_modules/.bin/smartcomments
48 silly gentlyRm purging /Users/lalittanwar/Project/api.spamjs.org/node_modules/.bin/smartcomments
49 silly gentlyRm quitting because other entries in /Users/lalittanwar/Project/api.spamjs.org/node_modules/.bin
50 info install smartcomments@0.3.2
51 info postinstall smartcomments@0.3.2
52 info install spamjs.org@0.1.0
53 verbose unsafe-perm in lifecycle true
54 info postinstall spamjs.org@0.1.0
55 verbose unsafe-perm in lifecycle true
56 info spamjs.org@0.1.0 Failed to exec postinstall script
57 verbose stack Error: spamjs.org@0.1.0 postinstall: `grunt start-cdn-server`
57 verbose stack Exit status 1
57 verbose stack     at EventEmitter.<anonymous> (/usr/local/lib/node_modules/npm/lib/utils/lifecycle.js:213:16)
57 verbose stack     at EventEmitter.emit (events.js:110:17)
57 verbose stack     at ChildProcess.<anonymous> (/usr/local/lib/node_modules/npm/lib/utils/spawn.js:14:12)
57 verbose stack     at ChildProcess.emit (events.js:110:17)
57 verbose stack     at maybeClose (child_process.js:1008:16)
57 verbose stack     at Process.ChildProcess._handle.onexit (child_process.js:1080:5)
58 verbose pkgid spamjs.org@0.1.0
59 verbose cwd /Users/lalittanwar/Project/api.spamjs.org
60 error Darwin 13.3.0
61 error argv "node" "/usr/local/bin/npm" "install"
62 error node v0.12.0
63 error npm  v2.7.1
64 error code ELIFECYCLE
65 error spamjs.org@0.1.0 postinstall: `grunt start-cdn-server`
65 error Exit status 1
66 error Failed at the spamjs.org@0.1.0 postinstall script 'grunt start-cdn-server'.
66 error This is most likely a problem with the spamjs.org package,
66 error not with npm itself.
66 error Tell the author that this fails on your system:
66 error     grunt start-cdn-server
66 error You can get their info via:
66 error     npm owner ls spamjs.org
66 error There is likely additional logging output above.
67 verbose exit [ 1, true ]
